# JRE version: OpenJDK Runtime Environment (8.0_212-b03) (build 1.8.0_212-8u212-b03-0ubuntu1.18.04.1-b03)
# Java VM: OpenJDK 64-Bit Server VM (25.212-b03 mixed mode linux-amd64 compressed oops)
Heap:
 PSYoungGen      total 299520K, used 283251K [0x00000000d7800000, 0x00000000eb500000, 0x0000000100000000)
  eden space 284672K, 94% used [0x00000000d7800000,0x00000000e7e247e0,0x00000000e8e00000)
  from space 14848K, 99% used [0x00000000ea680000,0x00000000eb4f87e8,0x00000000eb500000)
  to   space 16896K, 0% used [0x00000000e9400000,0x00000000e9400000,0x00000000ea480000)
 ParOldGen       total 71168K, used 20183K [0x0000000086800000, 0x000000008ad80000, 0x00000000d7800000)
  object space 71168K, 28% used [0x0000000086800000,0x0000000087bb5de8,0x000000008ad80000)
 Metaspace       used 52666K, capacity 55268K, committed 55512K, reserved 1097728K
  class space    used 6939K, capacity 7418K, committed 7424K, reserved 1048576K
GC Heap History (10 events):
Event: 5,215 GC heap before
{Heap before GC invocations=8 (full 1):
 PSYoungGen      total 121344K, used 120896K [0x00000000d7800000, 0x00000000e0180000, 0x0000000100000000)
  eden space 113664K, 100% used [0x00000000d7800000,0x00000000de700000,0x00000000de700000)
  from space 7680K, 94% used [0x00000000dfa00000,0x00000000e0110200,0x00000000e0180000)
  to   space 8704K, 0% used [0x00000000df080000,0x00000000df080000,0x00000000df900000)
 ParOldGen       total 44544K, used 5363K [0x0000000086800000, 0x0000000089380000, 0x00000000d7800000)
  object space 44544K, 12% used [0x0000000086800000,0x0000000086d3cc00,0x0000000089380000)
 Metaspace       used 28321K, capacity 29418K, committed 29696K, reserved 1075200K
  class space    used 3715K, capacity 3979K, committed 4096K, reserved 1048576K
Event: 5,236 GC heap after
Heap after GC invocations=8 (full 1):
 PSYoungGen      total 132096K, used 8672K [0x00000000d7800000, 0x00000000e5580000, 0x0000000100000000)
  eden space 123392K, 0% used [0x00000000d7800000,0x00000000d7800000,0x00000000df080000)
  from space 8704K, 99% used [0x00000000df080000,0x00000000df8f8140,0x00000000df900000)
  to   space 12288K, 0% used [0x00000000e4980000,0x00000000e4980000,0x00000000e5580000)
 ParOldGen       total 44544K, used 10693K [0x0000000086800000, 0x0000000089380000, 0x00000000d7800000)
  object space 44544K, 24% used [0x0000000086800000,0x00000000872714b8,0x0000000089380000)
 Metaspace       used 28321K, capacity 29418K, committed 29696K, reserved 1075200K
  class space    used 3715K, capacity 3979K, committed 4096K, reserved 1048576K
}
Event: 6,688 GC heap before
{Heap before GC invocations=9 (full 1):
 PSYoungGen      total 132096K, used 132064K [0x00000000d7800000, 0x00000000e5580000, 0x0000000100000000)
  eden space 123392K, 100% used [0x00000000d7800000,0x00000000df080000,0x00000000df080000)
  from space 8704K, 99% used [0x00000000df080000,0x00000000df8f8140,0x00000000df900000)
  to   space 12288K, 0% used [0x00000000e4980000,0x00000000e4980000,0x00000000e5580000)
 ParOldGen       total 44544K, used 10693K [0x0000000086800000, 0x0000000089380000, 0x00000000d7800000)
  object space 44544K, 24% used [0x0000000086800000,0x00000000872714b8,0x0000000089380000)
 Metaspace       used 32619K, capacity 34146K, committed 34304K, reserved 1079296K
  class space    used 4240K, capacity 4527K, committed 4608K, reserved 1048576K
Event: 6,711 GC heap after
Heap after GC invocations=9 (full 1):
 PSYoungGen      total 211456K, used 12267K [0x00000000d7800000, 0x00000000e6800000, 0x0000000100000000)
  eden space 199168K, 0% used [0x00000000d7800000,0x00000000d7800000,0x00000000e3a80000)
  from space 12288K, 99% used [0x00000000e4980000,0x00000000e557aec8,0x00000000e5580000)
  to   space 15360K, 0% used [0x00000000e3a80000,0x00000000e3a80000,0x00000000e4980000)
 ParOldGen       total 44544K, used 13793K [0x0000000086800000, 0x0000000089380000, 0x00000000d7800000)
  object space 44544K, 30% used [0x0000000086800000,0x0000000087578788,0x0000000089380000)
 Metaspace       used 32619K, capacity 34146K, committed 34304K, reserved 1079296K
  class space    used 4240K, capacity 4527K, committed 4608K, reserved 1048576K
}
Event: 6,891 GC heap before
{Heap before GC invocations=10 (full 1):
 PSYoungGen      total 211456K, used 27204K [0x00000000d7800000, 0x00000000e6800000, 0x0000000100000000)
  eden space 199168K, 7% used [0x00000000d7800000,0x00000000d8696150,0x00000000e3a80000)
  from space 12288K, 99% used [0x00000000e4980000,0x00000000e557aec8,0x00000000e5580000)
  to   space 15360K, 0% used [0x00000000e3a80000,0x00000000e3a80000,0x00000000e4980000)
 ParOldGen       total 44544K, used 13793K [0x0000000086800000, 0x0000000089380000, 0x00000000d7800000)
  object space 44544K, 30% used [0x0000000086800000,0x0000000087578788,0x0000000089380000)
 Metaspace       used 33834K, capacity 35326K, committed 35416K, reserved 1079296K
  class space    used 4340K, capacity 4661K, committed 4736K, reserved 1048576K
Event: 6,917 GC heap after
Heap after GC invocations=10 (full 1):
 PSYoungGen      total 214528K, used 9211K [0x00000000d7800000, 0x00000000eb500000, 0x0000000100000000)
  eden space 199168K, 0% used [0x00000000d7800000,0x00000000d7800000,0x00000000e3a80000)
  from space 15360K, 59% used [0x00000000e3a80000,0x00000000e437ecd0,0x00000000e4980000)
  to   space 14848K, 0% used [0x00000000ea680000,0x00000000ea680000,0x00000000eb500000)
 ParOldGen       total 44544K, used 18157K [0x0000000086800000, 0x0000000089380000, 0x00000000d7800000)
  object space 44544K, 40% used [0x0000000086800000,0x00000000879bb470,0x0000000089380000)
 Metaspace       used 33834K, capacity 35326K, committed 35416K, reserved 1079296K
  class space    used 4340K, capacity 4661K, committed 4736K, reserved 1048576K
}
Event: 6,917 GC heap before
{Heap before GC invocations=11 (full 2):
 PSYoungGen      total 214528K, used 9211K [0x00000000d7800000, 0x00000000eb500000, 0x0000000100000000)
  eden space 199168K, 0% used [0x00000000d7800000,0x00000000d7800000,0x00000000e3a80000)
  from space 15360K, 59% used [0x00000000e3a80000,0x00000000e437ecd0,0x00000000e4980000)
  to   space 14848K, 0% used [0x00000000ea680000,0x00000000ea680000,0x00000000eb500000)
 ParOldGen       total 44544K, used 18157K [0x0000000086800000, 0x0000000089380000, 0x00000000d7800000)
  object space 44544K, 40% used [0x0000000086800000,0x00000000879bb470,0x0000000089380000)
 Metaspace       used 33834K, capacity 35326K, committed 35416K, reserved 1079296K
  class space    used 4340K, capacity 4661K, committed 4736K, reserved 1048576K
Event: 7,022 GC heap after
Heap after GC invocations=11 (full 2):
 PSYoungGen      total 214528K, used 0K [0x00000000d7800000, 0x00000000eb500000, 0x0000000100000000)
  eden space 199168K, 0% used [0x00000000d7800000,0x00000000d7800000,0x00000000e3a80000)
  from space 15360K, 0% used [0x00000000e3a80000,0x00000000e3a80000,0x00000000e4980000)
  to   space 14848K, 0% used [0x00000000ea680000,0x00000000ea680000,0x00000000eb500000)
 ParOldGen       total 71168K, used 19809K [0x0000000086800000, 0x000000008ad80000, 0x00000000d7800000)
  object space 71168K, 27% used [0x0000000086800000,0x0000000087b584d8,0x000000008ad80000)
 Metaspace       used 33834K, capacity 35326K, committed 35416K, reserved 1079296K
  class space    used 4340K, capacity 4661K, committed 4736K, reserved 1048576K
}
Event: 9,588 GC heap before
{Heap before GC invocations=12 (full 2):
 PSYoungGen      total 214528K, used 199168K [0x00000000d7800000, 0x00000000eb500000, 0x0000000100000000)
  eden space 199168K, 100% used [0x00000000d7800000,0x00000000e3a80000,0x00000000e3a80000)
  from space 15360K, 0% used [0x00000000e3a80000,0x00000000e3a80000,0x00000000e4980000)
  to   space 14848K, 0% used [0x00000000ea680000,0x00000000ea680000,0x00000000eb500000)
 ParOldGen       total 71168K, used 19809K [0x0000000086800000, 0x000000008ad80000, 0x00000000d7800000)
  object space 71168K, 27% used [0x0000000086800000,0x0000000087b584d8,0x000000008ad80000)
 Metaspace       used 46165K, capacity 48130K, committed 48472K, reserved 1091584K
  class space    used 6091K, capacity 6469K, committed 6528K, reserved 1048576K
Event: 9,612 GC heap after
Heap after GC invocations=12 (full 2):
 PSYoungGen      total 299520K, used 14817K [0x00000000d7800000, 0x00000000eb500000, 0x0000000100000000)
  eden space 284672K, 0% used [0x00000000d7800000,0x00000000d7800000,0x00000000e8e00000)
  from space 14848K, 99% used [0x00000000ea680000,0x00000000eb4f87e8,0x00000000eb500000)
  to   space 16896K, 0% used [0x00000000e9400000,0x00000000e9400000,0x00000000ea480000)
 ParOldGen       total 71168K, used 20183K [0x0000000086800000, 0x000000008ad80000, 0x00000000d7800000)
  object space 71168K, 28% used [0x0000000086800000,0x0000000087bb5de8,0x000000008ad80000)
 Metaspace       used 46165K, capacity 48130K, committed 48472K, reserved 1091584K
  class space    used 6091K, capacity 6469K, committed 6528K, reserved 1048576K
}

