# JRE version: Java(TM) SE Runtime Environment (11.0.4+10) (build 11.0.4+10-LTS)
# Java VM: Java HotSpot(TM) 64-Bit Server VM (11.0.4+10-LTS, mixed mode, tiered, compressed oops, g1 gc, windows-amd64)
Heap:
 garbage-first heap   total 388096K, used 185344K [0x0000000700a00000, 0x0000000800000000)
  region size 1024K, 146 young (149504K), 14 survivors (14336K)
 Metaspace       used 90760K, capacity 93432K, committed 93744K, reserved 1130496K
  class space    used 12329K, capacity 13364K, committed 13440K, reserved 1048576K
GC Heap History (10 events):
Event: 9.505 GC heap before
{Heap before GC invocations=9 (full 0):
 garbage-first heap   total 315392K, used 199842K [0x0000000700a00000, 0x0000000800000000)
  region size 1024K, 184 young (188416K), 11 survivors (11264K)
 Metaspace       used 51689K, capacity 53247K, committed 53552K, reserved 1095680K
  class space    used 6556K, capacity 7201K, committed 7296K, reserved 1048576K
}
Event: 9.542 GC heap after
{Heap after GC invocations=10 (full 0):
 garbage-first heap   total 315392K, used 30891K [0x0000000700a00000, 0x0000000800000000)
  region size 1024K, 19 young (19456K), 19 survivors (19456K)
 Metaspace       used 51689K, capacity 53247K, committed 53552K, reserved 1095680K
  class space    used 6556K, capacity 7201K, committed 7296K, reserved 1048576K
}
Event: 10.241 GC heap before
{Heap before GC invocations=10 (full 0):
 garbage-first heap   total 315392K, used 76971K [0x0000000700a00000, 0x0000000800000000)
  region size 1024K, 66 young (67584K), 19 survivors (19456K)
 Metaspace       used 58323K, capacity 59908K, committed 59952K, reserved 1101824K
  class space    used 7614K, capacity 8290K, committed 8320K, reserved 1048576K
}
Event: 10.296 GC heap after
{Heap after GC invocations=11 (full 0):
 garbage-first heap   total 388096K, used 32515K [0x0000000700a00000, 0x0000000800000000)
  region size 1024K, 11 young (11264K), 11 survivors (11264K)
 Metaspace       used 58323K, capacity 59908K, committed 59952K, reserved 1101824K
  class space    used 7614K, capacity 8290K, committed 8320K, reserved 1048576K
}
Event: 19.140 GC heap before
{Heap before GC invocations=12 (full 0):
 garbage-first heap   total 388096K, used 253699K [0x0000000700a00000, 0x0000000800000000)
  region size 1024K, 227 young (232448K), 11 survivors (11264K)
 Metaspace       used 70499K, capacity 72353K, committed 72496K, reserved 1112064K
  class space    used 9577K, capacity 10342K, committed 10368K, reserved 1048576K
}
Event: 19.162 GC heap after
{Heap after GC invocations=13 (full 0):
 garbage-first heap   total 388096K, used 39171K [0x0000000700a00000, 0x0000000800000000)
  region size 1024K, 18 young (18432K), 18 survivors (18432K)
 Metaspace       used 70499K, capacity 72353K, committed 72496K, reserved 1112064K
  class space    used 9577K, capacity 10342K, committed 10368K, reserved 1048576K
}
Event: 22.754 GC heap before
{Heap before GC invocations=13 (full 0):
 garbage-first heap   total 388096K, used 253187K [0x0000000700a00000, 0x0000000800000000)
  region size 1024K, 227 young (232448K), 18 survivors (18432K)
 Metaspace       used 87025K, capacity 89503K, committed 89776K, reserved 1126400K
  class space    used 11788K, capacity 12759K, committed 12800K, reserved 1048576K
}
Event: 22.788 GC heap after
{Heap after GC invocations=14 (full 0):
 garbage-first heap   total 388096K, used 50175K [0x0000000700a00000, 0x0000000800000000)
  region size 1024K, 21 young (21504K), 21 survivors (21504K)
 Metaspace       used 87025K, capacity 89503K, committed 89776K, reserved 1126400K
  class space    used 11788K, capacity 12759K, committed 12800K, reserved 1048576K
}
Event: 35572.376 GC heap before
{Heap before GC invocations=14 (full 0):
 garbage-first heap   total 388096K, used 261119K [0x0000000700a00000, 0x0000000800000000)
  region size 1024K, 227 young (232448K), 21 survivors (21504K)
 Metaspace       used 90755K, capacity 93432K, committed 93744K, reserved 1130496K
  class space    used 12327K, capacity 13364K, committed 13440K, reserved 1048576K
}
Event: 35572.426 GC heap after
{Heap after GC invocations=15 (full 0):
 garbage-first heap   total 388096K, used 51200K [0x0000000700a00000, 0x0000000800000000)
  region size 1024K, 14 young (14336K), 14 survivors (14336K)
 Metaspace       used 90755K, capacity 93432K, committed 93744K, reserved 1130496K
  class space    used 12327K, capacity 13364K, committed 13440K, reserved 1048576K
}

